<?xml version="1.0" encoding="UTF-8"?>
<!-- Generated by org.testng.reporters.JUnitReportReporter -->
<testsuite hostname="DESKTOP-39DL19M" failures="0" tests="2" name="Santosh.HomePageTest" time="19.168" errors="0" timestamp="2020-09-13T20:54:13 CDT" skipped="0">
  <testcase classname="Santosh.HomePageTest" name="baseNavigation" time="7.290"/>
  <system-out/>
  <testcase classname="Santosh.HomePageTest" name="baseNavigation" time="11.878"/>
  <system-out/>
</testsuite> <!-- Santosh.HomePageTest -->
