<?xml version="1.0" encoding="UTF-8"?>
<!-- Generated by org.testng.reporters.JUnitReportReporter -->
<testsuite hostname="DESKTOP-39DL19M" failures="0" tests="1" name="Santosh.ValidatePage" time="0.612" errors="0" timestamp="2020-09-06T18:21:22 CDT" skipped="0">
  <testcase classname="Santosh.ValidatePage" name="baseNavigation" time="0.612"/>
  <system-out/>
</testsuite> <!-- Santosh.ValidatePage -->
