<?xml version="1.0" encoding="UTF-8"?>
<!-- Generated by org.testng.reporters.JUnitReportReporter -->
<testsuite hostname="DESKTOP-39DL19M" failures="0" tests="2" name="Santosh.HomePageTest" time="17.412" errors="0" timestamp="2020-09-06T18:21:22 CDT" skipped="0">
  <testcase classname="Santosh.HomePageTest" name="baseNavigation" time="10.028"/>
  <system-out/>
  <testcase classname="Santosh.HomePageTest" name="baseNavigation" time="7.384"/>
  <system-out/>
</testsuite> <!-- Santosh.HomePageTest -->
