<?xml version="1.0" encoding="UTF-8"?>
<!-- Generated by org.testng.reporters.JUnitReportReporter -->
<testsuite hostname="DESKTOP-39DL19M" failures="0" tests="1" name="Santosh.validateNavigationBar" time="0.162" errors="0" timestamp="2020-09-06T18:21:22 CDT" skipped="0">
  <testcase classname="Santosh.validateNavigationBar" name="baseNavigation" time="0.162"/>
  <system-out/>
</testsuite> <!-- Santosh.validateNavigationBar -->
